<?xml version="1.0" encoding="UTF-8"?>
<!-- Generated by org.testng.reporters.JUnitReportReporter -->
<testsuite skipped="0" hostname="usern-PC" name="demoTestng.New1" tests="1" failures="0" timestamp="01 May 2018 12:21:48 GMT" time="131.320" errors="0">
  <testcase name="goo" time="131.320" classname="demoTestng.New1"/>
</testsuite> <!-- demoTestng.New1 -->
