<?xml version="1.0" encoding="UTF-8"?>
<!-- Generated by org.testng.reporters.JUnitReportReporter -->
<testsuite skipped="0" hostname="usern-PC" name="SeleniumClass2" tests="1" failures="0" timestamp="24 Apr 2018 07:40:43 GMT" time="14.785" errors="0">
  <testcase name="testngTest" time="14.785" classname="SeleniumClass2"/>
</testsuite> <!-- SeleniumClass2 -->
