<?xml version="1.0" encoding="UTF-8"?>
<!-- Generated by org.testng.reporters.JUnitReportReporter -->
<testsuite skipped="0" hostname="usern-PC" name="demoTestng.newtestng" tests="2" failures="0" timestamp="01 May 2018 12:21:48 GMT" time="82.368" errors="0">
  <testcase name="newtest" time="0.045" classname="demoTestng.newtestng"/>
  <testcase name="facebook" time="82.323" classname="demoTestng.newtestng"/>
</testsuite> <!-- demoTestng.newtestng -->
